2023-12-25 16:53:04,760 - DEBUG - GET example
2023-12-25 16:53:04,760 - DEBUG - http://localhost:3000/color/1
2023-12-25 16:53:04,760 - DEBUG - 200
2023-12-25 16:53:04,760 - DEBUG - OK
2023-12-25 16:53:04,760 - DEBUG - {
  "id": 1,
  "color": "#473996"
}
2023-12-25 16:53:04,760 - DEBUG - {'id': 1, 'color': '#473996'}
2023-12-25 16:53:04,760 - DEBUG - -----------
2023-12-25 16:58:00,463 - DEBUG - PUT example
2023-12-25 16:58:00,463 - DEBUG - http://localhost:3000/color/2
2023-12-25 16:58:00,463 - DEBUG - 200
2023-12-25 16:58:00,463 - DEBUG - OK
2023-12-25 16:58:00,463 - DEBUG - {
  "id": 2,
  "color": "red"
}
2023-12-25 16:58:00,463 - DEBUG - {'id': 2, 'color': 'red'}
2023-12-25 16:58:00,463 - DEBUG - -----------
